-------------------------------------------------------------------------------
Test set: PlusSaltTest
-------------------------------------------------------------------------------
Tests run: 1, Failures: 0, Errors: 1, Skipped: 0, Time elapsed: 5.8 s <<< FAILURE! - in PlusSaltTest
test  Time elapsed: 0.001 s  <<< ERROR!
java.lang.IllegalStateException: Failed to load ApplicationContext
Caused by: org.springframework.beans.factory.UnsatisfiedDependencyException: Error creating bean with name 'webConfigurer': Unsatisfied dependency expressed through field 'jwtProperties'; nested exception is org.springframework.beans.factory.BeanCreationException: Error creating bean with name 'pt.jwt-com.playtogether.usercenter.config.JwtProperties': Invocation of init method failed; nested exception is java.lang.Exception: 密钥不存在
Caused by: org.springframework.beans.factory.BeanCreationException: Error creating bean with name 'pt.jwt-com.playtogether.usercenter.config.JwtProperties': Invocation of init method failed; nested exception is java.lang.Exception: 密钥不存在
Caused by: java.lang.Exception: 密钥不存在

